

Version:	3.14
CmdLine:	D:\Programs\Games\Arkanoid\Arkanoid.exe --l4j-debug
WOW64:		yes
Working dir:	D:\Programs\Games\Arkanoid\.
Java min ver:	1.008.000
Java max ver:	
64-bit search:	SOFTWARE\JavaSoft\Java Runtime Environment...
Check:		SOFTWARE\JavaSoft\Java Runtime Environment\1.8
Check launcher:	C:\Program Files\Java\jre1.8.0_291\bin\javaw.exe (OK)
Match:		1.008.000
Check:		SOFTWARE\JavaSoft\Java Runtime Environment\1.8.0_291
Check launcher:	C:\Program Files\Java\jre1.8.0_291\bin\javaw.exe (OK)
Match:		1.008.000_291
64-bit search:	SOFTWARE\JavaSoft\Java Development Kit...
Check:		SOFTWARE\JavaSoft\Java Development Kit\1.8
Ignore:		1.008.000
Check:		SOFTWARE\JavaSoft\Java Development Kit\1.8.0_291
Ignore:		1.008.000_291
64-bit search:	SOFTWARE\JavaSoft\JRE...
64-bit search:	SOFTWARE\JavaSoft\JDK...
Check:		SOFTWARE\JavaSoft\JDK\16.0.1
Check launcher:	C:\Program Files\Java\jdk-16.0.1\bin\javaw.exe (not found)
Ignore:		1.016.000_001
Runtime used:	1.008.000_291 (64-bit)
Launcher:	C:\Program Files\Java\jre1.8.0_291\bin\javaw.exe
Launcher args:	-jar "D:\Programs\Games\Arkanoid\Arkanoid.exe"
Args length:	46/32768 chars
Exit code:	0


Version:	3.14
CmdLine:	D:\Programs\Games\Arkanoid\Arkanoid.exe --l4j-debug
WOW64:		yes
Working dir:	D:\Programs\Games\Arkanoid\.
Java min ver:	1.008.000
Java max ver:	
64-bit search:	SOFTWARE\JavaSoft\Java Runtime Environment...
Check:		SOFTWARE\JavaSoft\Java Runtime Environment\1.8
Check launcher:	C:\Program Files\Java\jre1.8.0_291\bin\javaw.exe (OK)
Match:		1.008.000
Check:		SOFTWARE\JavaSoft\Java Runtime Environment\1.8.0_291
Check launcher:	C:\Program Files\Java\jre1.8.0_291\bin\javaw.exe (OK)
Match:		1.008.000_291
64-bit search:	SOFTWARE\JavaSoft\Java Development Kit...
Check:		SOFTWARE\JavaSoft\Java Development Kit\1.8
Ignore:		1.008.000
Check:		SOFTWARE\JavaSoft\Java Development Kit\1.8.0_291
Ignore:		1.008.000_291
64-bit search:	SOFTWARE\JavaSoft\JRE...
64-bit search:	SOFTWARE\JavaSoft\JDK...
Check:		SOFTWARE\JavaSoft\JDK\16.0.1
Check launcher:	C:\Program Files\Java\jdk-16.0.1\bin\javaw.exe (not found)
Ignore:		1.016.000_001
Runtime used:	1.008.000_291 (64-bit)
Launcher:	C:\Program Files\Java\jre1.8.0_291\bin\javaw.exe
Launcher args:	-jar "D:\Programs\Games\Arkanoid\Arkanoid.exe"
Args length:	46/32768 chars
Exit code:	0


Version:	3.14
CmdLine:	D:\Programs\Games\Arkanoid\Arkanoid.exe --l4j-debug
WOW64:		yes
Working dir:	D:\Programs\Games\Arkanoid\.
Java min ver:	1.008.000
Java max ver:	
64-bit search:	SOFTWARE\JavaSoft\Java Runtime Environment...
Check:		SOFTWARE\JavaSoft\Java Runtime Environment\1.8
Check launcher:	C:\Program Files\Java\jre1.8.0_291\bin\javaw.exe (OK)
Match:		1.008.000
Check:		SOFTWARE\JavaSoft\Java Runtime Environment\1.8.0_291
Check launcher:	C:\Program Files\Java\jre1.8.0_291\bin\javaw.exe (OK)
Match:		1.008.000_291
64-bit search:	SOFTWARE\JavaSoft\Java Development Kit...
Check:		SOFTWARE\JavaSoft\Java Development Kit\1.8
Ignore:		1.008.000
Check:		SOFTWARE\JavaSoft\Java Development Kit\1.8.0_291
Ignore:		1.008.000_291
64-bit search:	SOFTWARE\JavaSoft\JRE...
64-bit search:	SOFTWARE\JavaSoft\JDK...
Check:		SOFTWARE\JavaSoft\JDK\16.0.1
Check launcher:	C:\Program Files\Java\jdk-16.0.1\bin\javaw.exe (not found)
Ignore:		1.016.000_001
Runtime used:	1.008.000_291 (64-bit)
Launcher:	C:\Program Files\Java\jre1.8.0_291\bin\javaw.exe
Launcher args:	-jar "D:\Programs\Games\Arkanoid\Arkanoid.exe"
Args length:	46/32768 chars
Exit code:	0


Version:	3.14
CmdLine:	D:\Programs\Games\Arkanoid\Arkanoid.exe --l4j-debug
WOW64:		yes
Working dir:	D:\Programs\Games\Arkanoid\.
Java min ver:	1.008.000
Java max ver:	
64-bit search:	SOFTWARE\JavaSoft\Java Runtime Environment...
Check:		SOFTWARE\JavaSoft\Java Runtime Environment\1.8
Check launcher:	C:\Program Files\Java\jre1.8.0_291\bin\javaw.exe (OK)
Match:		1.008.000
Check:		SOFTWARE\JavaSoft\Java Runtime Environment\1.8.0_291
Check launcher:	C:\Program Files\Java\jre1.8.0_291\bin\javaw.exe (OK)
Match:		1.008.000_291
64-bit search:	SOFTWARE\JavaSoft\Java Development Kit...
Check:		SOFTWARE\JavaSoft\Java Development Kit\1.8
Ignore:		1.008.000
Check:		SOFTWARE\JavaSoft\Java Development Kit\1.8.0_291
Ignore:		1.008.000_291
64-bit search:	SOFTWARE\JavaSoft\JRE...
64-bit search:	SOFTWARE\JavaSoft\JDK...
Check:		SOFTWARE\JavaSoft\JDK\16.0.1
Check launcher:	C:\Program Files\Java\jdk-16.0.1\bin\javaw.exe (not found)
Ignore:		1.016.000_001
Runtime used:	1.008.000_291 (64-bit)
Launcher:	C:\Program Files\Java\jre1.8.0_291\bin\javaw.exe
Launcher args:	-jar "D:\Programs\Games\Arkanoid\Arkanoid.exe"
Args length:	46/32768 chars
Exit code:	0


Version:	3.14
CmdLine:	D:\Programs\Games\Arkanoid\Arkanoid.exe --l4j-debug
WOW64:		yes
Working dir:	D:\Programs\Games\Arkanoid\.
Java min ver:	1.008.000
Java max ver:	
64-bit search:	SOFTWARE\JavaSoft\Java Runtime Environment...
Check:		SOFTWARE\JavaSoft\Java Runtime Environment\1.8
Check launcher:	C:\Program Files\Java\jre1.8.0_291\bin\javaw.exe (OK)
Match:		1.008.000
Check:		SOFTWARE\JavaSoft\Java Runtime Environment\1.8.0_291
Check launcher:	C:\Program Files\Java\jre1.8.0_291\bin\javaw.exe (OK)
Match:		1.008.000_291
64-bit search:	SOFTWARE\JavaSoft\Java Development Kit...
Check:		SOFTWARE\JavaSoft\Java Development Kit\1.8
Ignore:		1.008.000
Check:		SOFTWARE\JavaSoft\Java Development Kit\1.8.0_291
Ignore:		1.008.000_291
64-bit search:	SOFTWARE\JavaSoft\JRE...
64-bit search:	SOFTWARE\JavaSoft\JDK...
Check:		SOFTWARE\JavaSoft\JDK\16.0.1
Check launcher:	C:\Program Files\Java\jdk-16.0.1\bin\javaw.exe (not found)
Ignore:		1.016.000_001
Runtime used:	1.008.000_291 (64-bit)
Launcher:	C:\Program Files\Java\jre1.8.0_291\bin\javaw.exe
Launcher args:	-jar "D:\Programs\Games\Arkanoid\Arkanoid.exe"
Args length:	46/32768 chars
Exit code:	0


Version:	3.14
CmdLine:	D:\Programs\Games\Arkanoid\Arkanoid.exe --l4j-debug
WOW64:		yes
Working dir:	D:\Programs\Games\Arkanoid\.
Java min ver:	1.008.000
Java max ver:	
64-bit search:	SOFTWARE\JavaSoft\Java Runtime Environment...
Check:		SOFTWARE\JavaSoft\Java Runtime Environment\1.8
Check launcher:	C:\Program Files\Java\jre1.8.0_291\bin\javaw.exe (OK)
Match:		1.008.000
Check:		SOFTWARE\JavaSoft\Java Runtime Environment\1.8.0_291
Check launcher:	C:\Program Files\Java\jre1.8.0_291\bin\javaw.exe (OK)
Match:		1.008.000_291
64-bit search:	SOFTWARE\JavaSoft\Java Development Kit...
Check:		SOFTWARE\JavaSoft\Java Development Kit\1.8
Ignore:		1.008.000
Check:		SOFTWARE\JavaSoft\Java Development Kit\1.8.0_291
Ignore:		1.008.000_291
64-bit search:	SOFTWARE\JavaSoft\JRE...
64-bit search:	SOFTWARE\JavaSoft\JDK...
Check:		SOFTWARE\JavaSoft\JDK\16.0.1
Check launcher:	C:\Program Files\Java\jdk-16.0.1\bin\javaw.exe (not found)
Ignore:		1.016.000_001
Runtime used:	1.008.000_291 (64-bit)
Launcher:	C:\Program Files\Java\jre1.8.0_291\bin\javaw.exe
Launcher args:	-jar "D:\Programs\Games\Arkanoid\Arkanoid.exe"
Args length:	46/32768 chars
Exit code:	0
